<?xml version="1.0" encoding="UTF-8"?>
<testng-results ignored="0" total="1" passed="1" failed="0" skipped="0">
  <reporter-output>
  </reporter-output>
  <suite started-at="2024-10-10T19:08:10 IST" name="Default suite" finished-at="2024-10-10T19:08:20 IST" duration-ms="9896">
    <groups>
    </groups>
    <test started-at="2024-10-10T19:08:10 IST" name="Default test" finished-at="2024-10-10T19:08:20 IST" duration-ms="9896">
      <class name="testSuites.ChangePasswordTestSuite">
        <test-method is-config="true" signature="inItDriver()[pri:0, instance:testSuites.ChangePasswordTestSuite@316bcf94]" started-at="2024-10-10T19:08:05 IST" name="inItDriver" finished-at="2024-10-10T19:08:10 IST" duration-ms="5245" status="PASS">
          <reporter-output>
          </reporter-output>
        </test-method> <!-- inItDriver -->
        <test-method signature="tc123_ChnagePasswordTest()[pri:0, instance:testSuites.ChangePasswordTestSuite@316bcf94]" started-at="2024-10-10T19:08:10 IST" name="tc123_ChnagePasswordTest" finished-at="2024-10-10T19:08:16 IST" duration-ms="6196" status="PASS">
          <reporter-output>
          </reporter-output>
        </test-method> <!-- tc123_ChnagePasswordTest -->
        <test-method is-config="true" signature="logout()[pri:0, instance:testSuites.ChangePasswordTestSuite@316bcf94]" started-at="2024-10-10T19:08:16 IST" name="logout" finished-at="2024-10-10T19:08:20 IST" duration-ms="3686" status="PASS">
          <reporter-output>
          </reporter-output>
        </test-method> <!-- logout -->
        <test-method is-config="true" signature="closeBrowser()[pri:0, instance:testSuites.ChangePasswordTestSuite@316bcf94]" started-at="2024-10-10T19:08:20 IST" name="closeBrowser" finished-at="2024-10-10T19:08:22 IST" duration-ms="1577" status="PASS">
          <reporter-output>
          </reporter-output>
        </test-method> <!-- closeBrowser -->
      </class> <!-- testSuites.ChangePasswordTestSuite -->
    </test> <!-- Default test -->
  </suite> <!-- Default suite -->
</testng-results>
